Sender: LSF System <lsfadmin@gux01-1>
Subject: Job 72200283: <19047_roi> in cluster <chimera> Exited

Job <19047_roi> was submitted from host <li03c02> by user <schafm03> in cluster <chimera> at Fri Sep 23 18:30:39 2022
Job was executed on host(s) <gux01-1>, in queue <private>, as user <schafm03> in cluster <chimera> at Fri Sep 23 18:30:45 2022
</hpc/users/schafm03> was used as the home directory.
</sc/arion/projects/k23/code/func_conn> was used as the working directory.
Started at Fri Sep 23 18:30:45 2022
Terminated at Fri Sep 23 18:32:06 2022
Results reported at Fri Sep 23 18:32:06 2022

Your job looked like:

------------------------------------------------------------
# LSBATCH: User input
#!/bin/bash

#BSUB -J 19047_roi
#BSUB -P acc_guLab
#BSUB -q private
#BSUB -n 1
#BSUB -W 1:00
#BSUB -R rusage[mem=10000]
#BSUB -o /sc/arion/projects/k23/code/func_conn/batch_dir/batch_output/nodejob-roi_pipeline-19047.out
#BSUB -L /bin/bash

ml python

cd /sc/arion/projects/k23/code/func_conn

python -c 'import pipelines as pl; pl.run_roi_pipeline(sub_id="19047", event="epoch")'
------------------------------------------------------------

Exited with exit code 1.

Resource usage summary:

    CPU time :                                   5.89 sec.
    Max Memory :                                 248 MB
    Average Memory :                             231.56 MB
    Total Requested Memory :                     10000.00 MB
    Delta Memory :                               9752.00 MB
    Max Swap :                                   -
    Max Processes :                              4
    Max Threads :                                14
    Run time :                                   82 sec.
    Turnaround time :                            87 sec.

The output (if any) follows:

Traceback (most recent call last):
  File "<string>", line 1, in <module>
  File "/sc/arion/projects/k23/code/func_conn/pipelines.py", line 19, in run_roi_pipeline
    fc.save_roi_timeseries(sub_id, bold_event=event)
  File "/sc/arion/projects/k23/code/func_conn/functional_connectivity.py", line 167, in save_roi_timeseries
    timeseries_df.insert(0, 'roi', roi_labels)
  File "/hpc/packages/minerva-centos7/py_packages/3.7/lib/python3.7/site-packages/pandas/core/frame.py", line 4418, in insert
    value = self._sanitize_column(value)
  File "/hpc/packages/minerva-centos7/py_packages/3.7/lib/python3.7/site-packages/pandas/core/frame.py", line 4509, in _sanitize_column
    com.require_length_match(value, self.index)
  File "/hpc/packages/minerva-centos7/py_packages/3.7/lib/python3.7/site-packages/pandas/core/common.py", line 532, in require_length_match
    "Length of values "
ValueError: Length of values (627) does not match length of index (517)
19047: fc & graph analyses running
19047: extracting roi timeseries
atlas HO_Cortl: extracting timeseries; num labels=97
atlas HO_Cortl: extracted timeseries w/ shape (96, 63); num labels=96
atlas HO_Sub: extracting timeseries; num labels=22
atlas HO_Sub: extracted timeseries w/ shape (21, 63); num labels=21
atlas Juelich: extracting timeseries; num labels=132
atlas Juelich: extracted timeseries w/ shape (21, 63); num labels=131
atlas Shen: extracting timeseries; num labels=369
atlas Shen: extracted timeseries w/ shape (368, 63); num labels=368
sphere Apriori_L-IFG_radius8: extracting timeseries; num labels=1
sphere Apriori_L-IFG_radius8: extracted timeseries w/ shape (1, 63); num labels=1
sphere Apriori_R-IFG_radius8: extracting timeseries; num labels=1
sphere Apriori_R-IFG_radius8: extracted timeseries w/ shape (1, 63); num labels=1
sphere Apriori_L-HPC_Tavares_radius8: extracting timeseries; num labels=1
sphere Apriori_L-HPC_Tavares_radius8: extracted timeseries w/ shape (1, 63); num labels=1
sphere Apriori_R-Precuneus_Tavares_radius8: extracting timeseries; num labels=1
sphere Apriori_R-Precuneus_Tavares_radius8: extracted timeseries w/ shape (1, 63); num labels=1
sphere Apriori_L-HPC_avg_radius8: extracting timeseries; num labels=1
sphere Apriori_L-HPC_avg_radius8: extracted timeseries w/ shape (1, 63); num labels=1
roi Apriori_L-HPC_ant: extracting timeseries; num labels=1
roi Apriori_L-HPC_ant: extracted timeseries w/ shape (1, 63); num labels=1
roi Apriori_L-HPC_post: extracting timeseries; num labels=1
roi Apriori_L-HPC_post: extracted timeseries w/ shape (1, 63); num labels=1
roi Apriori_L-HPC_mid: extracting timeseries; num labels=1
roi Apriori_L-HPC_mid: extracted timeseries w/ shape (1, 63); num labels=1
roi Apriori_R-HPC_ant: extracting timeseries; num labels=1
roi Apriori_R-HPC_ant: extracted timeseries w/ shape (1, 63); num labels=1
roi Apriori_R-HPC_post: extracting timeseries; num labels=1
roi Apriori_R-HPC_post: extracted timeseries w/ shape (1, 63); num labels=1
roi Apriori_R-HPC_mid: extracting timeseries; num labels=1
roi Apriori_R-HPC_mid: extracted timeseries w/ shape (1, 63); num labels=1
